<?xml version="1.0" encoding="utf-8"?><testsuites name="pytest tests"><testsuite name="pytest" errors="0" failures="0" skipped="0" tests="17" time="3.309" timestamp="2026-05-24T12:19:50.323792+00:00" hostname="agent-env-62d1750a-2118-4b54-8d16-d3b60b9f96c2"><testcase classname="backend.tests.test_deck_and_writing.TestDeck" name="test_fresh_user_deck_empty" time="0.538" /><testcase classname="backend.tests.test_deck_and_writing.TestDeck" name="test_fresh_user_new_flashcards_empty" time="0.048" /><testcase classname="backend.tests.test_deck_and_writing.TestDeck" name="test_add_vocab_to_deck" time="0.254" /><testcase classname="backend.tests.test_deck_and_writing.TestDeck" name="test_flashcards_new_returns_deck_vocab" time="0.047" /><testcase classname="backend.tests.test_deck_and_writing.TestDeck" name="test_review_with_mode_stores_in_history" time="0.145" /><testcase classname="backend.tests.test_deck_and_writing.TestDeck" name="test_delete_from_deck_removes_flashcard" time="0.253" /><testcase classname="backend.tests.test_deck_and_writing.TestCustomVocab" name="test_create_custom_auto_adds_to_deck" time="0.210" /><testcase classname="backend.tests.test_deck_and_writing.TestCustomVocab" name="test_search_filter" time="0.047" /><testcase classname="backend.tests.test_deck_and_writing.TestCustomVocab" name="test_lesson_number_filter" time="0.051" /><testcase classname="backend.tests.test_deck_and_writing.TestCustomVocab" name="test_delete_custom_only_by_owner" time="0.698" /><testcase classname="backend.tests.test_deck_and_writing.TestCustomVocab" name="test_delete_nonexistent_custom" time="0.046" /><testcase classname="backend.tests.test_deck_and_writing.TestLessonInDeck" name="test_lesson_vocab_has_in_deck_field" time="0.221" /><testcase classname="backend.tests.test_deck_and_writing.TestWritingRecognition" name="test_requires_auth" time="0.112" /><testcase classname="backend.tests.test_deck_and_writing.TestWritingRecognition" name="test_empty_image_400" time="0.048" /><testcase classname="backend.tests.test_deck_and_writing.TestWritingRecognition" name="test_tiny_image_400" time="0.046" /><testcase classname="backend.tests.test_deck_and_writing.TestWritingRecognition" name="test_data_url_prefix_stripped_and_endpoint_shape" time="0.047" /><testcase classname="backend.tests.test_deck_and_writing.TestLegacyMigration" name="test_test_user_deck_matches_flashcards" time="0.446" /></testsuite></testsuites>