<?xml version="1.0" encoding="utf-8"?><testsuites name="pytest tests"><testsuite name="pytest" errors="0" failures="0" skipped="0" tests="23" time="3.014" timestamp="2026-05-24T10:49:53.921753+00:00" hostname="agent-env-62d1750a-2118-4b54-8d16-d3b60b9f96c2"><testcase classname="backend.tests.test_backend.TestHealth" name="test_root" time="0.171" /><testcase classname="backend.tests.test_backend.TestAuth" name="test_signup_creates_user" time="0.278" /><testcase classname="backend.tests.test_backend.TestAuth" name="test_signup_duplicate_email" time="0.324" /><testcase classname="backend.tests.test_backend.TestAuth" name="test_login_valid" time="0.273" /><testcase classname="backend.tests.test_backend.TestAuth" name="test_login_invalid_password" time="0.271" /><testcase classname="backend.tests.test_backend.TestAuth" name="test_me_requires_auth" time="0.048" /><testcase classname="backend.tests.test_backend.TestAuth" name="test_me_with_token" time="0.049" /><testcase classname="backend.tests.test_backend.TestAuth" name="test_update_daily_goal" time="0.106" /><testcase classname="backend.tests.test_backend.TestLessons" name="test_list_lessons" time="0.054" /><testcase classname="backend.tests.test_backend.TestLessons" name="test_get_lesson_detail" time="0.104" /><testcase classname="backend.tests.test_backend.TestLessons" name="test_get_lesson_not_found" time="0.050" /><testcase classname="backend.tests.test_backend.TestFlashcardsSRS" name="test_new_flashcards" time="0.331" /><testcase classname="backend.tests.test_backend.TestFlashcardsSRS" name="test_srs_correct_advances_stage" time="0.160" /><testcase classname="backend.tests.test_backend.TestFlashcardsSRS" name="test_srs_incorrect_resets_to_stage_1" time="0.207" /><testcase classname="backend.tests.test_backend.TestFlashcardsSRS" name="test_due_flashcards" time="0.053" /><testcase classname="backend.tests.test_backend.TestFlashcardsSRS" name="test_review_unknown_vocab" time="0.050" /><testcase classname="backend.tests.test_backend.TestDrills" name="test_list_drills" time="0.053" /><testcase classname="backend.tests.test_backend.TestDrills" name="test_drill_attempt" time="0.116" /><testcase classname="backend.tests.test_backend.TestSpeaking" name="test_perfect_match" time="0.051" /><testcase classname="backend.tests.test_backend.TestSpeaking" name="test_partial_match" time="0.050" /><testcase classname="backend.tests.test_backend.TestSpeaking" name="test_empty_speech" time="0.049" /><testcase classname="backend.tests.test_backend.TestProgress" name="test_dashboard" time="0.055" /><testcase classname="backend.tests.test_backend.TestProgress" name="test_stats" time="0.061" /></testsuite></testsuites>