<?xml version="1.0" encoding="utf-8"?><testsuites name="pytest tests"><testsuite name="pytest" errors="0" failures="0" skipped="0" tests="47" time="27.331" timestamp="2026-05-24T12:20:50.903517+00:00" hostname="agent-env-62d1750a-2118-4b54-8d16-d3b60b9f96c2"><testcase classname="backend.tests.test_backend.TestHealth" name="test_root" time="0.208" /><testcase classname="backend.tests.test_backend.TestAuth" name="test_signup_creates_user" time="0.314" /><testcase classname="backend.tests.test_backend.TestAuth" name="test_signup_duplicate_email" time="0.353" /><testcase classname="backend.tests.test_backend.TestAuth" name="test_login_valid" time="0.289" /><testcase classname="backend.tests.test_backend.TestAuth" name="test_login_invalid_password" time="0.283" /><testcase classname="backend.tests.test_backend.TestAuth" name="test_me_requires_auth" time="0.045" /><testcase classname="backend.tests.test_backend.TestAuth" name="test_me_with_token" time="0.048" /><testcase classname="backend.tests.test_backend.TestAuth" name="test_update_daily_goal" time="0.095" /><testcase classname="backend.tests.test_backend.TestLessons" name="test_list_lessons" time="0.066" /><testcase classname="backend.tests.test_backend.TestLessons" name="test_get_lesson_detail" time="0.115" /><testcase classname="backend.tests.test_backend.TestLessons" name="test_get_lesson_not_found" time="0.046" /><testcase classname="backend.tests.test_backend.TestFlashcardsSRS" name="test_new_flashcards" time="0.437" /><testcase classname="backend.tests.test_backend.TestFlashcardsSRS" name="test_srs_correct_advances_stage" time="0.240" /><testcase classname="backend.tests.test_backend.TestFlashcardsSRS" name="test_srs_incorrect_resets_to_stage_1" time="0.292" /><testcase classname="backend.tests.test_backend.TestFlashcardsSRS" name="test_due_flashcards" time="0.046" /><testcase classname="backend.tests.test_backend.TestFlashcardsSRS" name="test_review_unknown_vocab" time="0.051" /><testcase classname="backend.tests.test_backend.TestDrills" name="test_list_drills" time="0.046" /><testcase classname="backend.tests.test_backend.TestDrills" name="test_filter_drills_by_lesson" time="0.054" /><testcase classname="backend.tests.test_backend.TestDrills" name="test_drill_attempt" time="0.095" /><testcase classname="backend.tests.test_backend.TestSpeaking" name="test_perfect_match" time="0.048" /><testcase classname="backend.tests.test_backend.TestSpeaking" name="test_partial_match" time="0.049" /><testcase classname="backend.tests.test_backend.TestSpeaking" name="test_empty_speech" time="0.045" /><testcase classname="backend.tests.test_backend.TestProgress" name="test_dashboard" time="0.054" /><testcase classname="backend.tests.test_backend.TestProgress" name="test_stats" time="0.048" /><testcase classname="backend.tests.test_deck_and_writing.TestDeck" name="test_fresh_user_deck_empty" time="0.436" /><testcase classname="backend.tests.test_deck_and_writing.TestDeck" name="test_fresh_user_new_flashcards_empty" time="0.054" /><testcase classname="backend.tests.test_deck_and_writing.TestDeck" name="test_add_vocab_to_deck" time="0.276" /><testcase classname="backend.tests.test_deck_and_writing.TestDeck" name="test_flashcards_new_returns_deck_vocab" time="0.052" /><testcase classname="backend.tests.test_deck_and_writing.TestDeck" name="test_review_with_mode_stores_in_history" time="0.177" /><testcase classname="backend.tests.test_deck_and_writing.TestDeck" name="test_delete_from_deck_removes_flashcard" time="0.276" /><testcase classname="backend.tests.test_deck_and_writing.TestCustomVocab" name="test_create_custom_auto_adds_to_deck" time="0.228" /><testcase classname="backend.tests.test_deck_and_writing.TestCustomVocab" name="test_search_filter" time="0.052" /><testcase classname="backend.tests.test_deck_and_writing.TestCustomVocab" name="test_lesson_number_filter" time="0.053" /><testcase classname="backend.tests.test_deck_and_writing.TestCustomVocab" name="test_delete_custom_only_by_owner" time="0.740" /><testcase classname="backend.tests.test_deck_and_writing.TestCustomVocab" name="test_delete_nonexistent_custom" time="0.055" /><testcase classname="backend.tests.test_deck_and_writing.TestLessonInDeck" name="test_lesson_vocab_has_in_deck_field" time="0.238" /><testcase classname="backend.tests.test_deck_and_writing.TestWritingRecognition" name="test_requires_auth" time="0.111" /><testcase classname="backend.tests.test_deck_and_writing.TestWritingRecognition" name="test_empty_image_400" time="0.053" /><testcase classname="backend.tests.test_deck_and_writing.TestWritingRecognition" name="test_tiny_image_400" time="0.054" /><testcase classname="backend.tests.test_deck_and_writing.TestWritingRecognition" name="test_data_url_prefix_stripped_and_endpoint_shape" time="0.054" /><testcase classname="backend.tests.test_deck_and_writing.TestLegacyMigration" name="test_test_user_deck_matches_flashcards" time="0.471" /><testcase classname="backend.tests.test_whisper.TestWhisperEndpoint" name="test_requires_auth" time="0.129" /><testcase classname="backend.tests.test_whisper.TestWhisperEndpoint" name="test_missing_file_returns_422" time="0.504" /><testcase classname="backend.tests.test_whisper.TestWhisperEndpoint" name="test_tiny_file_rejected" time="0.116" /><testcase classname="backend.tests.test_whisper.TestWhisperEndpoint" name="test_unsupported_extension_normalized" time="7.063" /><testcase classname="backend.tests.test_whisper.TestWhisperEndpoint" name="test_valid_extension_endpoint_shape" time="6.017" /><testcase classname="backend.tests.test_whisper.TestWhisperEndpoint" name="test_without_target_chinese" time="6.671" /></testsuite></testsuites>